<?xml version="1.0" encoding="UTF-8"?>
<testsuite name="com.studentapp.cucumber.StudentRunner" time="1.694" tests="14" errors="4" skipped="0" failures="0">
  <properties>
[...]
</properties>
  <testcase name="When Check if the status code is 200 and correct" classname="Scenario: CASE ROUTING POSITIVE SCENARIO WITH TERM LIFE" time="0.001"/>
  <testcase name="Scenario: CASE ROUTING POSITIVE SCENARIO WITH TERM LIFE" classname="Scenario: CASE ROUTING POSITIVE SCENARIO WITH TERM LIFE" time="1.537"/>
  <testcase name="When Make sure the application has the necessary requirements checked" classname="Scenario: CASE ROUTING POSITIVE SCENARIO WITH WHOLE LIFE" time="0"/>
  <testcase name="Scenario: CASE ROUTING POSITIVE SCENARIO WITH WHOLE LIFE" classname="Scenario: CASE ROUTING POSITIVE SCENARIO WITH WHOLE LIFE" time="0.04"/>
  <testcase name="When Make sure the file you want to access is available" classname="Scenario: CASE ROUTING NEGATIVE SCENARIO WITHOUT PRODUCT CODE VALUE" time="0.006">
    <error message="E:\file.txt (The system cannot find the path specified)" type="java.io.FileNotFoundException"><![CDATA[java.io.FileNotFoundException: E:\file.txt (The system cannot find the path specified)
	at java.io.FileInputStream.open0(Native Method)
	at java.io.FileInputStream.open(FileInputStream.java:195)
	at java.io.FileInputStream.<init>(FileInputStream.java:138)
	at java.io.FileReader.<init>(FileReader.java:72)
	at com.studentapp.cucumber.steps.StudentSteps.verify_file_exist(StudentSteps.java:49)
	at ✽.When Make sure the file you want to access is available(student.feature:14)
]]></error>
    <system-err><![CDATA[5485 [main] INFO net.serenitybdd.core.Serenity - 
 _____ _____ ____ _____   ____ _____  _    ____ _____ _____ ____  
|_   _| ____/ ___|_   _| / ___|_   _|/ \  |  _ \_   _| ____|  _ \ 
  | | |  _| \___ \ | |   \___ \ | | / _ \ | |_) || | |  _| | | | |
  | | | |___ ___) || |    ___) || |/ ___ \|  _ < | | | |___| |_| |
  |_| |_____|____/ |_|   |____/ |_/_/   \_\_| \_\|_| |_____|____/ 
                                                                  

TEST STARTED: CASE ROUTING NEGATIVE SCENARIO WITHOUT PRODUCT CODE VALUE
-------------------------------------------------------------------
]]></system-err>
  </testcase>
  <testcase name="Scenario: CASE ROUTING NEGATIVE SCENARIO WITHOUT PRODUCT CODE VALUE" classname="Scenario: CASE ROUTING NEGATIVE SCENARIO WITHOUT PRODUCT CODE VALUE" time="0.006">
    <error message="E:\file.txt (The system cannot find the path specified)" type="java.io.FileNotFoundException"><![CDATA[java.io.FileNotFoundException: E:\file.txt (The system cannot find the path specified)
	at java.io.FileInputStream.open0(Native Method)
	at java.io.FileInputStream.open(FileInputStream.java:195)
	at java.io.FileInputStream.<init>(FileInputStream.java:138)
	at java.io.FileReader.<init>(FileReader.java:72)
	at com.studentapp.cucumber.steps.StudentSteps.verify_file_exist(StudentSteps.java:49)
	at ✽.When Make sure the file you want to access is available(student.feature:14)
]]></error>
  </testcase>
  <testcase name="When Do not test this its a manual test case" classname="Scenario: CASE ROUTING NEGATIVE SCENARIO WITHOUT CASETYPE VALUE" time="0"/>
  <testcase name="Scenario: CASE ROUTING NEGATIVE SCENARIO WITHOUT CASETYPE VALUE" classname="Scenario: CASE ROUTING NEGATIVE SCENARIO WITHOUT CASETYPE VALUE" time="0.032"/>
  <testcase name="When Testing negative scenario dividing by 0" classname="Scenario: CASE ROUTING NEGATIVE SCENARIO WITHOUT GoCODE PARAM" time="0.001">
    <error message="/ by zero" type="java.lang.ArithmeticException">java.lang.ArithmeticException: / by zero
	at com.studentapp.cucumber.steps.StudentSteps.test_negative_scenario(StudentSteps.java:62)
	at ✽.When Testing negative scenario dividing by 0(student.feature:22)
</error>
    <system-err><![CDATA[5566 [main] INFO net.serenitybdd.core.Serenity - 
 _____ _____ ____ _____   ____ _____  _    ____ _____ _____ ____  
|_   _| ____/ ___|_   _| / ___|_   _|/ \  |  _ \_   _| ____|  _ \ 
  | | |  _| \___ \ | |   \___ \ | | / _ \ | |_) || | |  _| | | | |
  | | | |___ ___) || |    ___) || |/ ___ \|  _ < | | | |___| |_| |
  |_| |_____|____/ |_|   |____/ |_/_/   \_\_| \_\|_| |_____|____/ 
                                                                  

TEST STARTED: CASE ROUTING NEGATIVE SCENARIO WITHOUT GoCODE PARAM
-------------------------------------------------------------------
]]></system-err>
  </testcase>
  <testcase name="Scenario: CASE ROUTING NEGATIVE SCENARIO WITHOUT GoCODE PARAM" classname="Scenario: CASE ROUTING NEGATIVE SCENARIO WITHOUT GoCODE PARAM" time="0.001">
    <error message="/ by zero" type="java.lang.ArithmeticException">java.lang.ArithmeticException: / by zero
	at com.studentapp.cucumber.steps.StudentSteps.test_negative_scenario(StudentSteps.java:62)
	at ✽.When Testing negative scenario dividing by 0(student.feature:22)
</error>
  </testcase>
  <testcase name="When Check if the status code is 200 and correct" classname="Scenario: Check if the student application can be accessed by users" time="0"/>
  <testcase name="Scenario: Check if the student application can be accessed by users" classname="Scenario: Check if the student application can be accessed by users" time="0.032"/>
  <testcase name="When Make sure the application has the necessary requirements checked" classname="Scenario: Application issues should be resolved" time="0"/>
  <testcase name="Scenario: Application issues should be resolved" classname="Scenario: Application issues should be resolved" time="0.038"/>
</testsuite>